<?xml version="1.0" encoding="UTF-8"?>
<!-- Generated by org.testng.reporters.JUnitXMLReporter -->
<testsuite ignored="0" hostname="DESKTOP-UCBD25M" failures="0" tests="2" name="FirefoxTest" time="0.234" errors="0" timestamp="2023-09-29T16:13:46 IST">
  <testcase classname="TestORMPack.VerifyTheAdminPage" name="verifyDeleteFunctionalityOnAdminPage" time="0.0">
    <skipped/>
  </testcase> <!-- verifyDeleteFunctionalityOnAdminPage -->
  <testcase classname="TestORMPack.VerifyTheAdminPage" name="verifySearchOOnAdminPage_1101" time="0.0">
    <skipped/>
  </testcase> <!-- verifySearchOOnAdminPage_1101 -->
</testsuite> <!-- FirefoxTest -->
