<?xml version="1.0" encoding="UTF-8"?>
<!-- Generated by org.testng.reporters.JUnitXMLReporter -->
<testsuite ignored="0" hostname="DESKTOP-UCBD25M" failures="0" tests="7" name="Test5" time="0.095" errors="0" timestamp="2023-09-28T01:33:44 IST">
  <testcase classname="TestORMPack.TestClass1" name="test1" time="0.01"/>
  <testcase classname="TestORMPack.TestClass1" name="test2" time="0.001"/>
  <testcase classname="TestORMPack.TestClass1" name="test3" time="0.001"/>
  <testcase classname="TestORMPack.TestClass1" name="test4" time="0.001"/>
  <testcase classname="TestORMPack.TestClass2" name="Test5" time="0.001"/>
  <testcase classname="TestORMPack.TestClass2" name="Test6" time="0.003"/>
  <testcase classname="TestORMPack.TestClass2" name="Test7" time="0.001"/>
</testsuite> <!-- Test5 -->
